Arguments: 
  C:\Program Files\nodejs\node.exe C:\Users\Administrator\AppData\Roaming\npm\node_modules\yarn\bin\yarn.js install --force

PATH: 
  E:\cmder\bin;C:\Program Files\Git\bin;C:\Program Files\Git\usr\bin;C:\Program Files\Git\share\vim\vim74;E:\cmder\vendor\conemu-maximus5\ConEmu\Scripts;E:\cmder\vendor\conemu-maximus5;E:\cmder\vendor\conemu-maximus5\ConEmu;C:\Program Files\VanDyke Software\Clients\;C:\Python39\Scripts\;C:\Python39\;C:\Windows\system32;C:\Windows;C:\Windows\System32\Wbem;C:\Windows\System32\WindowsPowerShell\v1.0\;C:\Windows\System32\OpenSSH\;C:\Windows\System32;C:\ProgramData\chocolatey\bin;C:\Program Files\Git\cmd;C:\Program Files\nodejs\;C:\Users\Administrator\AppData\Local\Microsoft\WindowsApps;C:\Program Files\nodejs\;C:\Windows\System32;E:\cmder;C:\Users\Administrator\AppData\Roaming\npm;C:\Program Files\Bandizip\;E:\cmder

Yarn version: 
  1.22.10

Node version: 
  14.16.0

Platform: 
  win32 x64

Trace: 
  Error: unable to verify the first certificate
      at TLSSocket.onConnectSecure (_tls_wrap.js:1497:34)
      at TLSSocket.emit (events.js:315:20)
      at TLSSocket._finishInit (_tls_wrap.js:932:8)
      at TLSWrap.ssl.onhandshakedone (_tls_wrap.js:706:12)

npm manifest: 
  {
      "name": "vuepress-cy-biz-comp-book",
      "version": "1.0.0",
      "description": "基于vuepress搭建的公司内部用组件库",
      "main": "index.js",
      "scripts": {
          "test": "echo \"Error: no test specified\" && exit 1",
          "dev": "vuepress dev docs --temp .temp",
          "build": "vuepress build docs"
      },
      "repository": "git+https://github.com/fh-combo/vuepress-cy-biz-comp-book.git",
      "keywords": [],
      "author": "hawerstar <marklow01@126.com>",
      "license": "ISC",
      "bugs": {
          "url": "https://github.com/fh-combo/vuepress-cy-biz-comp-book/issues"
      },
      "homepage": "https://github.com/fh-combo/vuepress-cy-biz-comp-book#readme",
      "dependencies": {
          "element-ui": "^2.15.6",
          "markdown-it-vuese": "^0.4.0",
          "vuepress": "^1.9.7",
          "vuepress-plugin-comment": "^0.7.3",
          "vuepress-plugin-demo-code": "^0.6.0",
          "vuepress-plugin-demo-container-v2": "^2.3.4"
      },
      "devDependencies": {
          "vuepress-plugin-demo-container-v2": "^2.3.4"
      },
      "engines": {
          "node": ">=10 <15"
      }
  }

yarn manifest: 
  No manifest

Lockfile: 
  No lockfile
